<?xml version="1.0" encoding="UTF-8"?>
<!-- Generated by org.testng.reporters.JUnitXMLReporter -->
<testsuite hostname="C100-189s-iMac.local" ignored="0" name="Test" tests="3" failures="1" timestamp="2022-10-13T15:11:29 IST" time="56.732" errors="0">
  <testcase name="loginError" time="0.525" classname="newmaven.Tests.errorMessageValidations"/>
  <testcase name="productMatchValidation" time="10.396" classname="newmaven.Tests.errorMessageValidations">
    <failure type="org.openqa.selenium.TimeoutException" message="Expected condition failed: waiting for visibility of all elements located by By.xpath: //div[@class=&amp;apos;row&amp;apos;]//div[contains(@class,&amp;apos;col-lg-4&amp;apos;)] (tried for 10 second(s) with 500 milliseconds interval)
Build info: version: &amp;apos;4.5.0&amp;apos;, revision: &amp;apos;fe167b119a&amp;apos;
System info: os.name: &amp;apos;Mac OS X&amp;apos;, os.arch: &amp;apos;x86_64&amp;apos;, os.version: &amp;apos;11.0.1&amp;apos;, java.version: &amp;apos;1.8.0_333&amp;apos;
Driver info: org.openqa.selenium.firefox.FirefoxDriver
Capabilities {acceptInsecureCerts: true, browserName: firefox, browserVersion: 105.0.3, moz:accessibilityChecks: false, moz:buildID: 20221007134813, moz:debuggerAddress: 127.0.0.1:58392, moz:geckodriverVersion: 0.31.0, moz:headless: false, moz:platformVersion: 20.1.0, moz:processID: 4767, moz:profile: /var/folders/66/5h9p119j30z..., moz:shutdownTimeout: 60000, moz:useNonSpecCompliantPointerOrigin: false, moz:webdriverClick: true, moz:windowless: false, pageLoadStrategy: normal, platformName: MAC, proxy: Proxy(), se:cdp: ws://127.0.0.1:58392/devtoo..., se:cdpVersion: 85.0, setWindowRect: true, strictFileInteractability: false, timeouts: {implicit: 0, pageLoad: 300000, script: 30000}, unhandledPromptBehavior: dismiss and notify}
Session ID: edd57367-98c6-4290-8f87-b3e72bb789eb">
      <![CDATA[org.openqa.selenium.TimeoutException: Expected condition failed: waiting for visibility of all elements located by By.xpath: //div[@class='row']//div[contains(@class,'col-lg-4')] (tried for 10 second(s) with 500 milliseconds interval)
Build info: version: '4.5.0', revision: 'fe167b119a'
System info: os.name: 'Mac OS X', os.arch: 'x86_64', os.version: '11.0.1', java.version: '1.8.0_333'
Driver info: org.openqa.selenium.firefox.FirefoxDriver
Capabilities {acceptInsecureCerts: true, browserName: firefox, browserVersion: 105.0.3, moz:accessibilityChecks: false, moz:buildID: 20221007134813, moz:debuggerAddress: 127.0.0.1:58392, moz:geckodriverVersion: 0.31.0, moz:headless: false, moz:platformVersion: 20.1.0, moz:processID: 4767, moz:profile: /var/folders/66/5h9p119j30z..., moz:shutdownTimeout: 60000, moz:useNonSpecCompliantPointerOrigin: false, moz:webdriverClick: true, moz:windowless: false, pageLoadStrategy: normal, platformName: MAC, proxy: Proxy(), se:cdp: ws://127.0.0.1:58392/devtoo..., se:cdpVersion: 85.0, setWindowRect: true, strictFileInteractability: false, timeouts: {implicit: 0, pageLoad: 300000, script: 30000}, unhandledPromptBehavior: dismiss and notify}
Session ID: edd57367-98c6-4290-8f87-b3e72bb789eb
at org.openqa.selenium.support.ui.WebDriverWait.timeoutException(WebDriverWait.java:87)
at org.openqa.selenium.support.ui.FluentWait.until(FluentWait.java:231)
at newMaven.AbstractComponents.AbstractComponent.waitTimeForElementAppear(AbstractComponent.java:29)
at newMaven.pageObject.productPage.getProductList(productPage.java:43)
at newmaven.Tests.errorMessageValidations.productMatchValidation(errorMessageValidations.java:47)
at java.util.ArrayList.forEach(ArrayList.java:1259)
... Removed 27 stack frames]]>
    </failure>
  </testcase> <!-- productMatchValidation -->
  <testcase name="submitOrder" time="19.168" classname="newmaven.Tests.submitTest"/>
</testsuite> <!-- Test -->
